2025-10-24T17:15:57.269Z GET /api/stock-cached/SPY
2025-10-24T17:15:57.274Z GET /expenses
2025-10-24T17:25:02.529Z HEAD /
2025-10-24T17:25:13.438Z GET /api/stock-cached/SPY
2025-10-24T17:26:49.944Z GET /api/stock-cached/SPY
2025-10-24T17:27:00.054Z GET /api/stock-cached/SPY
2025-10-24T17:28:16.697Z GET /api/stock-cached/SPY
2025-10-24T17:28:16.702Z GET /expenses
2025-10-24T17:28:30.418Z GET /api/stock-cached/SPY
2025-10-24T17:28:30.420Z GET /expenses
2025-10-24T17:31:03.087Z GET /api/stock-cached/SPY
2025-10-24T17:31:03.091Z GET /expenses
2025-10-24T17:31:18.163Z GET /api/stock-cached/SPY
2025-10-24T17:31:18.165Z GET /expenses
2025-10-24T17:32:33.326Z GET /api/stock-cached/SPY
2025-10-24T17:32:39.468Z GET /api/stock-cached/SPY
2025-10-24T17:32:58.824Z GET /api/stock-cached/SPY
2025-10-24T17:33:24.640Z GET /api/stock-cached/SPY
2025-10-24T17:33:58.514Z GET /api/stock-cached/SPY
2025-10-24T17:33:58.517Z GET /expenses
2025-10-24T17:42:40.435Z GET /api/stock-cached/SPY
2025-10-24T17:42:46.003Z GET /api/stock-cached/SPY
2025-10-24T17:43:42.445Z GET /api/stock-cached/SPY
2025-10-24T17:43:42.447Z GET /expenses
2025-10-24T17:59:20.119Z GET /expenses
2025-10-24T17:59:20.122Z GET /api/stock-cached/SPY
2025-10-24T17:59:36.731Z GET /api/stock-cached/SPY
2025-10-24T17:59:36.734Z GET /expenses
2025-10-24T17:59:43.056Z GET /api/kakeibo
2025-10-24T17:59:58.016Z GET /api/stock-cached/SPY
2025-10-24T17:59:58.021Z GET /expenses
2025-10-24T18:06:40.911Z GET /expenses
2025-10-24T18:06:40.915Z GET /api/stock-cached/SPY
2025-10-24T18:07:25.999Z GET /api/kakeibo
2025-10-24T18:09:56.330Z GET /api/kakeibo
2025-10-24T18:09:56.331Z GET /api/kakeibo
2025-10-24T18:12:42.534Z GET /api/stock-cached/SPY
2025-10-24T18:12:42.536Z GET /api/stock-cached/SPY
2025-10-24T18:12:42.536Z GET /expenses
2025-10-24T18:12:42.537Z GET /expenses
2025-10-24T18:13:21.693Z GET /api/kakeibo
2025-10-24T18:13:21.694Z GET /api/kakeibo
2025-10-24T18:21:36.352Z GET /api/kakeibo
2025-10-24T18:29:43.143Z GET /api/kakeibo
2025-10-24T18:29:48.309Z GET /api/stock-cached/SPY
2025-10-24T18:29:48.310Z GET /api/stock-cached/SPY
2025-10-24T18:29:48.310Z GET /expenses
2025-10-24T18:29:48.310Z GET /expenses
2025-10-24T18:38:40.481Z GET /expenses
2025-10-24T18:38:40.548Z GET /api/stock-cached/SPY
2025-10-24T18:42:09.434Z GET /api/kakeibo
2025-10-24T18:42:09.436Z GET /api/kakeibo
2025-10-24T18:42:44.175Z GET /api/stock-cached/SPY
2025-10-24T18:42:44.175Z GET /api/stock-cached/SPY
2025-10-24T18:42:44.175Z GET /expenses
2025-10-24T18:42:44.175Z GET /expenses
2025-10-24T18:46:09.152Z GET /api/kakeibo
2025-10-24T18:46:09.153Z GET /api/kakeibo
2025-10-24T18:52:28.049Z GET /api/stock-cached/SPY
2025-10-24T18:52:28.050Z GET /api/stock-cached/SPY
2025-10-24T18:52:28.051Z GET /expenses
2025-10-24T18:52:28.051Z GET /expenses
2025-10-24T18:53:04.968Z GET /api/kakeibo
2025-10-24T18:53:04.969Z GET /api/kakeibo
2025-10-24T18:59:17.906Z GET /api/kakeibo
2025-10-24T18:59:20.510Z GET /api/stock-cached/SPY
2025-10-24T18:59:20.512Z GET /api/stock-cached/SPY
2025-10-24T18:59:20.517Z GET /expenses
2025-10-24T18:59:20.518Z GET /expenses
2025-10-25T07:45:51.343Z GET /api/kakeibo
2025-10-25T07:45:51.348Z GET /api/kakeibo
2025-10-25T07:46:24.515Z GET /api/kakeibo
2025-10-25T08:20:37.281Z GET /api/stock-cached/SPY
2025-10-25T08:20:37.284Z GET /api/stock-cached/SPY
2025-10-25T08:20:37.284Z GET /expenses
2025-10-25T08:20:37.285Z GET /expenses
2025-10-25T08:20:41.583Z GET /api/stock-cached/SPY
2025-10-25T08:20:41.586Z GET /expenses
2025-10-25T08:20:56.446Z GET /api/stock-cached/SPY
2025-10-25T08:20:56.454Z GET /expenses
2025-10-25T08:21:02.197Z GET /api/stock-cached/SPY
2025-10-25T08:21:02.201Z GET /expenses
2025-10-25T08:21:03.751Z GET /api/stock-cached/SPY
2025-10-25T08:21:03.759Z GET /expenses
2025-10-25T08:21:05.698Z GET /api/stock-cached/SPY
2025-10-25T08:21:05.702Z GET /expenses
2025-10-25T08:21:07.492Z GET /api/stock-cached/SPY
2025-10-25T08:21:07.497Z GET /expenses
2025-10-25T08:21:09.166Z GET /api/stock-cached/SPY
2025-10-25T08:21:09.168Z GET /expenses
2025-10-25T08:21:10.756Z GET /api/stock-cached/SPY
2025-10-25T08:21:10.759Z GET /expenses
2025-10-25T08:22:03.462Z GET /api/kakeibo
2025-10-25T08:22:03.462Z GET /api/kakeibo
2025-10-28T01:42:05.731Z GET /api/kakeibo
2025-10-28T01:42:12.010Z GET /api/stock-cached/SPY
2025-10-28T01:42:12.012Z GET /api/stock-cached/SPY
2025-10-28T01:42:12.012Z GET /expenses
2025-10-28T01:42:12.012Z GET /expenses
2025-10-28T01:43:01.949Z GET /api/stock-cached/SPY
2025-10-28T01:43:01.952Z GET /expenses
2025-10-28T01:47:42.883Z GET /expenses
2025-10-28T01:47:42.884Z GET /api/stock-cached/SPY
2025-10-28T01:52:01.321Z GET /api/kakeibo
2025-10-28T01:52:01.323Z GET /api/kakeibo
2025-10-28T01:57:35.676Z GET /api/stock-cached/SPY
2025-10-28T01:59:16.826Z GET /api/kakeibo
2025-10-28T01:59:19.079Z GET /api/stock-cached/SPY
2025-10-28T01:59:19.082Z GET /api/stock-cached/SPY
2025-10-28T01:59:19.124Z GET /expenses
2025-10-28T01:59:19.125Z GET /expenses
2025-10-28T01:59:34.215Z GET /api/stock-cached/SPY
2025-10-28T02:02:38.368Z GET /api/stock-cached/SPY
2025-10-28T02:02:38.495Z GET /expenses
2025-10-28T02:03:07.006Z GET /api/kakeibo
2025-10-28T02:03:07.011Z GET /api/kakeibo
2025-10-28T02:03:23.960Z GET /api/stock-cached/SPY
2025-10-28T02:03:23.966Z GET /expenses
2025-10-28T02:03:23.967Z GET /expenses
2025-10-28T02:03:23.979Z GET /api/stock-cached/SPY
2025-10-28T02:05:28.975Z GET /api/stock-cached/SPY
2025-10-28T02:05:28.978Z GET /expenses
2025-10-28T12:19:34.705Z GET /expenses
2025-10-28T12:19:34.710Z GET /api/stock-cached/SPY
2025-10-28T12:20:12.752Z GET /api/kakeibo
2025-10-28T12:20:12.755Z GET /api/kakeibo
2025-10-28T12:20:31.104Z GET /api/stock-cached/SPY
2025-10-28T12:20:31.115Z GET /expenses
2025-10-28T12:20:31.116Z GET /expenses
2025-10-28T12:20:31.116Z GET /api/stock-cached/SPY
2025-10-28T12:21:48.960Z GET /api/kakeibo
2025-10-28T12:21:48.964Z GET /api/kakeibo
2025-10-28T12:21:49.554Z GET /api/stock-cached/SPY
2025-10-28T12:21:49.568Z GET /expenses
2025-10-28T12:21:49.571Z GET /api/stock-cached/SPY
2025-10-28T12:21:49.571Z GET /expenses
2025-10-28T12:23:00.493Z GET /api/kakeibo
2025-10-28T12:23:00.495Z GET /api/kakeibo
2025-10-28T14:50:20.615Z GET /api/kakeibo
2025-10-28T14:50:29.034Z GET /api/kakeibo
2025-10-28T14:50:41.095Z GET /api/kakeibo
2025-10-28T14:50:41.095Z GET /api/kakeibo
2025-10-28T14:50:42.564Z GET /api/stock-cached/SPY
2025-10-28T14:50:42.565Z GET /api/stock-cached/SPY
2025-10-28T14:50:42.566Z GET /expenses
2025-10-28T14:50:42.566Z GET /expenses
2025-10-28T14:54:52.089Z POST /api/auth/register
2025-10-28T14:54:55.536Z POST /api/auth/register
2025-10-28T14:54:58.157Z POST /api/auth/register
2025-10-28T14:57:02.348Z POST /api/auth/register
2025-10-28T14:57:27.199Z POST /api/auth/register
2025-10-28T15:15:40.477Z POST /api/auth/register
2025-10-28T15:18:22.500Z POST /api/auth/register
2025-10-28T15:18:47.940Z POST /api/auth/login
2025-10-28T15:28:49.149Z GET /api/kakeibo
2025-10-28T15:28:49.151Z GET /api/kakeibo
2025-10-28T15:28:49.974Z GET /api/stock-cached/SPY
2025-10-28T15:28:49.975Z GET /api/stock-cached/SPY
2025-10-28T15:28:49.976Z GET /expenses
2025-10-28T15:28:49.976Z GET /expenses
2025-10-28T15:28:50.240Z GET /api/kakeibo
2025-10-28T15:28:50.246Z GET /api/kakeibo
2025-10-28T15:28:51.246Z GET /api/stock-cached/SPY
2025-10-28T15:28:51.252Z GET /expenses
2025-10-28T15:28:51.253Z GET /expenses
2025-10-28T15:28:51.256Z GET /api/stock-cached/SPY
2025-10-28T15:28:52.375Z GET /api/kakeibo
2025-10-28T15:28:52.380Z GET /api/kakeibo
2025-10-28T15:31:53.338Z POST /api/auth/login
2025-10-28T15:33:08.239Z GET /api/kakeibo
2025-10-28T15:33:08.241Z GET /api/kakeibo
2025-10-28T15:42:06.725Z GET /api/kakeibo
2025-10-28T15:42:37.980Z POST /api/auth/register
2025-10-28T15:42:44.910Z POST /api/auth/register
2025-10-28T15:43:03.278Z POST /api/auth/login
2025-10-28T15:44:33.668Z GET /api/auth/me
2025-10-28T15:44:33.761Z GET /favicon.ico
2025-10-28T15:56:52.552Z GET /api/auth/me
2025-10-28T15:56:53.916Z GET /
2025-10-28T15:56:54.028Z GET /apple-touch-icon-precomposed.png
2025-10-28T15:56:54.029Z GET /apple-touch-icon.png
2025-10-28T15:56:54.030Z GET /favicon.ico
2025-10-28T15:56:59.093Z GET /api/kakeibo
2025-10-28T15:57:05.703Z GET /api/kakeibo
2025-10-28T15:57:05.705Z GET /api/kakeibo
2025-10-28T15:57:07.023Z GET /api/stock-cached/SPY
2025-10-28T15:57:07.028Z GET /api/stock-cached/SPY
2025-10-28T15:57:07.028Z GET /expenses
2025-10-28T15:57:07.029Z GET /expenses
2025-10-28T15:57:32.352Z POST /api/auth/register
2025-10-28T15:57:40.337Z POST /api/auth/register
2025-10-28T15:57:43.717Z POST /api/auth/register
2025-10-28T15:58:04.844Z POST /api/auth/login
2025-10-28T15:58:19.413Z GET /api/stock-cached/SPY
2025-10-28T15:58:19.488Z GET /expenses
2025-10-28T15:58:19.504Z GET /expenses
2025-10-28T15:58:19.508Z GET /api/stock-cached/SPY
2025-10-28T15:58:20.390Z GET /api/kakeibo
2025-10-28T15:58:20.391Z GET /api/kakeibo
2025-10-28T15:58:41.161Z POST /api/kakeibo
2025-10-28T15:58:41.182Z GET /api/kakeibo
2025-10-28T15:58:50.236Z GET /api/stock-cached/SPY
2025-10-28T15:58:50.249Z GET /expenses
2025-10-28T15:58:50.259Z GET /api/stock-cached/SPY
2025-10-28T15:58:50.261Z GET /expenses
2025-10-28T15:58:51.047Z GET /api/kakeibo
2025-10-28T15:58:51.049Z GET /api/kakeibo
2025-10-28T15:59:15.153Z POST /api/auth/login
2025-10-28T15:59:28.408Z POST /api/auth/login
2025-10-28T15:59:30.529Z POST /api/auth/login
2025-10-28T15:59:32.193Z POST /api/auth/login
2025-10-28T15:59:34.031Z POST /api/auth/login
2025-10-28T15:59:35.628Z POST /api/auth/login
2025-10-28T15:59:40.097Z GET /api/kakeibo
2025-10-28T15:59:40.102Z GET /api/kakeibo
2025-10-28T16:01:52.006Z POST /api/auth/login
